CRITICAL - 2023-11-08 08:29:25 --> Undefined array key "roomImg"
in APPPATH\Views\include\shop.php on line 13.
 1 APPPATH\Views\include\shop.php(13): CodeIgniter\Debug\Exceptions->errorHandler(2, 'Undefined array key "roomImg"', 'C:\\laragon\\www\\HotelRestoSimulator\\app\\Views\\include\\shop.php', 13)
 2 SYSTEMPATH\View\View.php(226): include('C:\\laragon\\www\\HotelRestoSimulator\\app\\Views\\include\\shop.php')
 3 SYSTEMPATH\View\View.php(229): CodeIgniter\View\View->CodeIgniter\View\{closure}()
 4 SYSTEMPATH\View\View.php(467): CodeIgniter\View\View->render('include/shop', null, true)
 5 APPPATH\Views\home.php(4): CodeIgniter\View\View->include('include/shop')
 6 SYSTEMPATH\View\View.php(226): include('C:\\laragon\\www\\HotelRestoSimulator\\app\\Views\\home.php')
 7 SYSTEMPATH\View\View.php(229): CodeIgniter\View\View->CodeIgniter\View\{closure}()
 8 SYSTEMPATH\Common.php(1188): CodeIgniter\View\View->render('home', [], true)
 9 APPPATH\Controllers\UserController.php(21): view('home', [...])
10 SYSTEMPATH\CodeIgniter.php(919): App\Controllers\UserController->index()
11 SYSTEMPATH\CodeIgniter.php(494): CodeIgniter\CodeIgniter->runController(Object(App\Controllers\UserController))
12 SYSTEMPATH\CodeIgniter.php(353): CodeIgniter\CodeIgniter->handleRequest(null, Object(Config\Cache), false)
13 FCPATH\index.php(79): CodeIgniter\CodeIgniter->run()
14 SYSTEMPATH\Commands\Server\rewrite.php(47): require_once('C:\\laragon\\www\\HotelRestoSimulator\\public\\index.php')
CRITICAL - 2023-11-08 08:31:44 --> Undefined array key "roomHearts"
in APPPATH\Views\include\shop.php on line 17.
 1 APPPATH\Views\include\shop.php(17): CodeIgniter\Debug\Exceptions->errorHandler(2, 'Undefined array key "roomHearts"', 'C:\\laragon\\www\\HotelRestoSimulator\\app\\Views\\include\\shop.php', 17)
 2 SYSTEMPATH\View\View.php(226): include('C:\\laragon\\www\\HotelRestoSimulator\\app\\Views\\include\\shop.php')
 3 SYSTEMPATH\View\View.php(229): CodeIgniter\View\View->CodeIgniter\View\{closure}()
 4 SYSTEMPATH\View\View.php(467): CodeIgniter\View\View->render('include/shop', null, true)
 5 APPPATH\Views\home.php(4): CodeIgniter\View\View->include('include/shop')
 6 SYSTEMPATH\View\View.php(226): include('C:\\laragon\\www\\HotelRestoSimulator\\app\\Views\\home.php')
 7 SYSTEMPATH\View\View.php(229): CodeIgniter\View\View->CodeIgniter\View\{closure}()
 8 SYSTEMPATH\Common.php(1188): CodeIgniter\View\View->render('home', [], true)
 9 APPPATH\Controllers\UserController.php(21): view('home', [...])
10 SYSTEMPATH\CodeIgniter.php(919): App\Controllers\UserController->index()
11 SYSTEMPATH\CodeIgniter.php(494): CodeIgniter\CodeIgniter->runController(Object(App\Controllers\UserController))
12 SYSTEMPATH\CodeIgniter.php(353): CodeIgniter\CodeIgniter->handleRequest(null, Object(Config\Cache), false)
13 FCPATH\index.php(79): CodeIgniter\CodeIgniter->run()
14 SYSTEMPATH\Commands\Server\rewrite.php(47): require_once('C:\\laragon\\www\\HotelRestoSimulator\\public\\index.php')
CRITICAL - 2023-11-08 15:59:26 --> The framework needs the following extension(s) installed and loaded: intl.
in SYSTEMPATH\CodeIgniter.php on line 246.
 1 SYSTEMPATH\CodeIgniter.php(246): CodeIgniter\Exceptions\FrameworkException::forMissingExtension('intl')
 2 SYSTEMPATH\CodeIgniter.php(210): CodeIgniter\CodeIgniter->resolvePlatformExtensions()
 3 ROOTPATH\spark(88): CodeIgniter\CodeIgniter->initialize()
CRITICAL - 2023-11-08 15:59:26 --> Uncaught Error: Class "Locale" not found in C:\Users\ASUS\Desktop\HRS\HotelRestoSimulator\backend\system\I18n\TimeTrait.php:74
Stack trace:
#0 C:\Users\ASUS\Desktop\HRS\HotelRestoSimulator\backend\system\I18n\TimeTrait.php(115): CodeIgniter\I18n\Time->__construct(NULL, NULL, NULL)
#1 C:\Users\ASUS\Desktop\HRS\HotelRestoSimulator\backend\system\HTTP\ResponseTrait.php(468): CodeIgniter\I18n\Time::now()
#2 C:\Users\ASUS\Desktop\HRS\HotelRestoSimulator\backend\system\HTTP\ResponseTrait.php(446): CodeIgniter\HTTP\Response->sendHeaders()
#3 C:\Users\ASUS\Desktop\HRS\HotelRestoSimulator\backend\system\Debug\ExceptionHandler.php(78): CodeIgniter\HTTP\Response->send()
#4 C:\Users\ASUS\Desktop\HRS\HotelRestoSimulator\backend\system\Debug\Exceptions.php(147): CodeIgniter\Debug\ExceptionHandler->handle(Object(CodeIgniter\Exceptions\FrameworkException), Object(CodeIgniter\HTTP\IncomingRequest), Object(CodeIgniter\HTTP\Response), 500, 1)
#5 [internal function]: CodeIgniter\Debug\Exceptions->exceptionHandler(Object(CodeIgniter\Exceptions\FrameworkException))
#6 {main}
  thrown
【Previous Exception】
CodeIgniter\Exceptions\FrameworkException
The framework needs the following extension(s) installed and loaded: intl.
#0 C:\Users\ASUS\Desktop\HRS\HotelRestoSimulator\backend\system\CodeIgniter.php(246): CodeIgniter\Exceptions\FrameworkException::forMissingExtension('intl')
#1 C:\Users\ASUS\Desktop\HRS\HotelRestoSimulator\backend\system\CodeIgniter.php(210): CodeIgniter\CodeIgniter->resolvePlatformExtensions()
#2 C:\Users\ASUS\Desktop\HRS\HotelRestoSimulator\backend\spark(88): CodeIgniter\CodeIgniter->initialize()
#3 {main}
in SYSTEMPATH\I18n\TimeTrait.php on line 74.
 1 [internal function]: CodeIgniter\Debug\Exceptions->shutdownHandler()
ERROR - 2023-11-08 15:06:11 --> mysqli_sql_exception: Column 'roomHeart' cannot be null in C:\Users\ASUS\Desktop\HRS\HotelRestoSimulator\backend\system\Database\MySQLi\Connection.php:306
Stack trace:
#0 C:\Users\ASUS\Desktop\HRS\HotelRestoSimulator\backend\system\Database\MySQLi\Connection.php(306): mysqli->query('INSERT INTO `ta...', 0)
#1 C:\Users\ASUS\Desktop\HRS\HotelRestoSimulator\backend\system\Database\BaseConnection.php(692): CodeIgniter\Database\MySQLi\Connection->execute('INSERT INTO `ta...')
#2 C:\Users\ASUS\Desktop\HRS\HotelRestoSimulator\backend\system\Database\BaseConnection.php(606): CodeIgniter\Database\BaseConnection->simpleQuery('INSERT INTO `ta...')
#3 C:\Users\ASUS\Desktop\HRS\HotelRestoSimulator\backend\system\Database\BaseBuilder.php(2308): CodeIgniter\Database\BaseConnection->query('INSERT INTO `ta...', Array, false)
#4 C:\Users\ASUS\Desktop\HRS\HotelRestoSimulator\backend\system\Model.php(319): CodeIgniter\Database\BaseBuilder->insert()
#5 C:\Users\ASUS\Desktop\HRS\HotelRestoSimulator\backend\system\BaseModel.php(788): CodeIgniter\Model->doInsert(Array)
#6 C:\Users\ASUS\Desktop\HRS\HotelRestoSimulator\backend\system\Model.php(715): CodeIgniter\BaseModel->insert(Array, true)
#7 C:\Users\ASUS\Desktop\HRS\HotelRestoSimulator\backend\app\Controllers\UserController.php(146): CodeIgniter\Model->insert(Array)
#8 C:\Users\ASUS\Desktop\HRS\HotelRestoSimulator\backend\system\CodeIgniter.php(919): App\Controllers\UserController->save()
#9 C:\Users\ASUS\Desktop\HRS\HotelRestoSimulator\backend\system\CodeIgniter.php(494): CodeIgniter\CodeIgniter->runController(Object(App\Controllers\UserController))
#10 C:\Users\ASUS\Desktop\HRS\HotelRestoSimulator\backend\system\CodeIgniter.php(353): CodeIgniter\CodeIgniter->handleRequest(NULL, Object(Config\Cache), false)
#11 C:\Users\ASUS\Desktop\HRS\HotelRestoSimulator\backend\public\index.php(86): CodeIgniter\CodeIgniter->run()
#12 C:\Users\ASUS\Desktop\HRS\HotelRestoSimulator\backend\system\Commands\Server\rewrite.php(47): require_once('C:\\Users\\ASUS\\D...')
#13 {main}
CRITICAL - 2023-11-08 15:06:11 --> Column 'roomHeart' cannot be null
in SYSTEMPATH\Database\BaseConnection.php on line 646.
 1 SYSTEMPATH\Database\BaseBuilder.php(2308): CodeIgniter\Database\BaseConnection->query('INSERT INTO `table_product` (`roomName`, `roomPrice`, `roomImg`, `roomDescription`, `roomHeart`) VALUES (:roomName:, :roomPrice:, :roomImg:, :roomDescription:, :roomHeart:)', [...], false)
 2 SYSTEMPATH\Model.php(319): CodeIgniter\Database\BaseBuilder->insert()
 3 SYSTEMPATH\BaseModel.php(788): CodeIgniter\Model->doInsert([...])
 4 SYSTEMPATH\Model.php(715): CodeIgniter\BaseModel->insert([...], true)
 5 APPPATH\Controllers\UserController.php(146): CodeIgniter\Model->insert([...])
 6 SYSTEMPATH\CodeIgniter.php(919): App\Controllers\UserController->save()
 7 SYSTEMPATH\CodeIgniter.php(494): CodeIgniter\CodeIgniter->runController(Object(App\Controllers\UserController))
 8 SYSTEMPATH\CodeIgniter.php(353): CodeIgniter\CodeIgniter->handleRequest(null, Object(Config\Cache), false)
 9 FCPATH\index.php(86): CodeIgniter\CodeIgniter->run()
10 SYSTEMPATH\Commands\Server\rewrite.php(47): require_once('C:\\Users\\ASUS\\Desktop\\HRS\\HotelRestoSimulator\\backend\\public\\index.php')
ERROR - 2023-11-08 15:06:18 --> mysqli_sql_exception: Column 'roomHeart' cannot be null in C:\Users\ASUS\Desktop\HRS\HotelRestoSimulator\backend\system\Database\MySQLi\Connection.php:306
Stack trace:
#0 C:\Users\ASUS\Desktop\HRS\HotelRestoSimulator\backend\system\Database\MySQLi\Connection.php(306): mysqli->query('INSERT INTO `ta...', 0)
#1 C:\Users\ASUS\Desktop\HRS\HotelRestoSimulator\backend\system\Database\BaseConnection.php(692): CodeIgniter\Database\MySQLi\Connection->execute('INSERT INTO `ta...')
#2 C:\Users\ASUS\Desktop\HRS\HotelRestoSimulator\backend\system\Database\BaseConnection.php(606): CodeIgniter\Database\BaseConnection->simpleQuery('INSERT INTO `ta...')
#3 C:\Users\ASUS\Desktop\HRS\HotelRestoSimulator\backend\system\Database\BaseBuilder.php(2308): CodeIgniter\Database\BaseConnection->query('INSERT INTO `ta...', Array, false)
#4 C:\Users\ASUS\Desktop\HRS\HotelRestoSimulator\backend\system\Model.php(319): CodeIgniter\Database\BaseBuilder->insert()
#5 C:\Users\ASUS\Desktop\HRS\HotelRestoSimulator\backend\system\BaseModel.php(788): CodeIgniter\Model->doInsert(Array)
#6 C:\Users\ASUS\Desktop\HRS\HotelRestoSimulator\backend\system\Model.php(715): CodeIgniter\BaseModel->insert(Array, true)
#7 C:\Users\ASUS\Desktop\HRS\HotelRestoSimulator\backend\app\Controllers\UserController.php(146): CodeIgniter\Model->insert(Array)
#8 C:\Users\ASUS\Desktop\HRS\HotelRestoSimulator\backend\system\CodeIgniter.php(919): App\Controllers\UserController->save()
#9 C:\Users\ASUS\Desktop\HRS\HotelRestoSimulator\backend\system\CodeIgniter.php(494): CodeIgniter\CodeIgniter->runController(Object(App\Controllers\UserController))
#10 C:\Users\ASUS\Desktop\HRS\HotelRestoSimulator\backend\system\CodeIgniter.php(353): CodeIgniter\CodeIgniter->handleRequest(NULL, Object(Config\Cache), false)
#11 C:\Users\ASUS\Desktop\HRS\HotelRestoSimulator\backend\public\index.php(86): CodeIgniter\CodeIgniter->run()
#12 C:\Users\ASUS\Desktop\HRS\HotelRestoSimulator\backend\system\Commands\Server\rewrite.php(47): require_once('C:\\Users\\ASUS\\D...')
#13 {main}
CRITICAL - 2023-11-08 15:06:18 --> Column 'roomHeart' cannot be null
in SYSTEMPATH\Database\BaseConnection.php on line 646.
 1 SYSTEMPATH\Database\BaseBuilder.php(2308): CodeIgniter\Database\BaseConnection->query('INSERT INTO `table_product` (`roomName`, `roomPrice`, `roomImg`, `roomDescription`, `roomHeart`) VALUES (:roomName:, :roomPrice:, :roomImg:, :roomDescription:, :roomHeart:)', [...], false)
 2 SYSTEMPATH\Model.php(319): CodeIgniter\Database\BaseBuilder->insert()
 3 SYSTEMPATH\BaseModel.php(788): CodeIgniter\Model->doInsert([...])
 4 SYSTEMPATH\Model.php(715): CodeIgniter\BaseModel->insert([...], true)
 5 APPPATH\Controllers\UserController.php(146): CodeIgniter\Model->insert([...])
 6 SYSTEMPATH\CodeIgniter.php(919): App\Controllers\UserController->save()
 7 SYSTEMPATH\CodeIgniter.php(494): CodeIgniter\CodeIgniter->runController(Object(App\Controllers\UserController))
 8 SYSTEMPATH\CodeIgniter.php(353): CodeIgniter\CodeIgniter->handleRequest(null, Object(Config\Cache), false)
 9 FCPATH\index.php(86): CodeIgniter\CodeIgniter->run()
10 SYSTEMPATH\Commands\Server\rewrite.php(47): require_once('C:\\Users\\ASUS\\Desktop\\HRS\\HotelRestoSimulator\\backend\\public\\index.php')
ERROR - 2023-11-08 15:08:20 --> mysqli_sql_exception: Column 'roomHeart' cannot be null in C:\Users\ASUS\Desktop\HRS\HotelRestoSimulator\backend\system\Database\MySQLi\Connection.php:306
Stack trace:
#0 C:\Users\ASUS\Desktop\HRS\HotelRestoSimulator\backend\system\Database\MySQLi\Connection.php(306): mysqli->query('INSERT INTO `ta...', 0)
#1 C:\Users\ASUS\Desktop\HRS\HotelRestoSimulator\backend\system\Database\BaseConnection.php(692): CodeIgniter\Database\MySQLi\Connection->execute('INSERT INTO `ta...')
#2 C:\Users\ASUS\Desktop\HRS\HotelRestoSimulator\backend\system\Database\BaseConnection.php(606): CodeIgniter\Database\BaseConnection->simpleQuery('INSERT INTO `ta...')
#3 C:\Users\ASUS\Desktop\HRS\HotelRestoSimulator\backend\system\Database\BaseBuilder.php(2308): CodeIgniter\Database\BaseConnection->query('INSERT INTO `ta...', Array, false)
#4 C:\Users\ASUS\Desktop\HRS\HotelRestoSimulator\backend\system\Model.php(319): CodeIgniter\Database\BaseBuilder->insert()
#5 C:\Users\ASUS\Desktop\HRS\HotelRestoSimulator\backend\system\BaseModel.php(788): CodeIgniter\Model->doInsert(Array)
#6 C:\Users\ASUS\Desktop\HRS\HotelRestoSimulator\backend\system\Model.php(715): CodeIgniter\BaseModel->insert(Array, true)
#7 C:\Users\ASUS\Desktop\HRS\HotelRestoSimulator\backend\app\Controllers\UserController.php(146): CodeIgniter\Model->insert(Array)
#8 C:\Users\ASUS\Desktop\HRS\HotelRestoSimulator\backend\system\CodeIgniter.php(919): App\Controllers\UserController->save()
#9 C:\Users\ASUS\Desktop\HRS\HotelRestoSimulator\backend\system\CodeIgniter.php(494): CodeIgniter\CodeIgniter->runController(Object(App\Controllers\UserController))
#10 C:\Users\ASUS\Desktop\HRS\HotelRestoSimulator\backend\system\CodeIgniter.php(353): CodeIgniter\CodeIgniter->handleRequest(NULL, Object(Config\Cache), false)
#11 C:\Users\ASUS\Desktop\HRS\HotelRestoSimulator\backend\public\index.php(86): CodeIgniter\CodeIgniter->run()
#12 C:\Users\ASUS\Desktop\HRS\HotelRestoSimulator\backend\system\Commands\Server\rewrite.php(47): require_once('C:\\Users\\ASUS\\D...')
#13 {main}
CRITICAL - 2023-11-08 15:08:20 --> Column 'roomHeart' cannot be null
in SYSTEMPATH\Database\BaseConnection.php on line 646.
 1 SYSTEMPATH\Database\BaseBuilder.php(2308): CodeIgniter\Database\BaseConnection->query('INSERT INTO `table_product` (`roomName`, `roomPrice`, `roomImg`, `roomDescription`, `roomHeart`) VALUES (:roomName:, :roomPrice:, :roomImg:, :roomDescription:, :roomHeart:)', [...], false)
 2 SYSTEMPATH\Model.php(319): CodeIgniter\Database\BaseBuilder->insert()
 3 SYSTEMPATH\BaseModel.php(788): CodeIgniter\Model->doInsert([...])
 4 SYSTEMPATH\Model.php(715): CodeIgniter\BaseModel->insert([...], true)
 5 APPPATH\Controllers\UserController.php(146): CodeIgniter\Model->insert([...])
 6 SYSTEMPATH\CodeIgniter.php(919): App\Controllers\UserController->save()
 7 SYSTEMPATH\CodeIgniter.php(494): CodeIgniter\CodeIgniter->runController(Object(App\Controllers\UserController))
 8 SYSTEMPATH\CodeIgniter.php(353): CodeIgniter\CodeIgniter->handleRequest(null, Object(Config\Cache), false)
 9 FCPATH\index.php(86): CodeIgniter\CodeIgniter->run()
10 SYSTEMPATH\Commands\Server\rewrite.php(47): require_once('C:\\Users\\ASUS\\Desktop\\HRS\\HotelRestoSimulator\\backend\\public\\index.php')
ERROR - 2023-11-08 15:10:14 --> mysqli_sql_exception: Column 'roomHeart' cannot be null in C:\Users\ASUS\Desktop\HRS\HotelRestoSimulator\backend\system\Database\MySQLi\Connection.php:306
Stack trace:
#0 C:\Users\ASUS\Desktop\HRS\HotelRestoSimulator\backend\system\Database\MySQLi\Connection.php(306): mysqli->query('INSERT INTO `ta...', 0)
#1 C:\Users\ASUS\Desktop\HRS\HotelRestoSimulator\backend\system\Database\BaseConnection.php(692): CodeIgniter\Database\MySQLi\Connection->execute('INSERT INTO `ta...')
#2 C:\Users\ASUS\Desktop\HRS\HotelRestoSimulator\backend\system\Database\BaseConnection.php(606): CodeIgniter\Database\BaseConnection->simpleQuery('INSERT INTO `ta...')
#3 C:\Users\ASUS\Desktop\HRS\HotelRestoSimulator\backend\system\Database\BaseBuilder.php(2308): CodeIgniter\Database\BaseConnection->query('INSERT INTO `ta...', Array, false)
#4 C:\Users\ASUS\Desktop\HRS\HotelRestoSimulator\backend\system\Model.php(319): CodeIgniter\Database\BaseBuilder->insert()
#5 C:\Users\ASUS\Desktop\HRS\HotelRestoSimulator\backend\system\BaseModel.php(788): CodeIgniter\Model->doInsert(Array)
#6 C:\Users\ASUS\Desktop\HRS\HotelRestoSimulator\backend\system\Model.php(715): CodeIgniter\BaseModel->insert(Array, true)
#7 C:\Users\ASUS\Desktop\HRS\HotelRestoSimulator\backend\app\Controllers\UserController.php(146): CodeIgniter\Model->insert(Array)
#8 C:\Users\ASUS\Desktop\HRS\HotelRestoSimulator\backend\system\CodeIgniter.php(919): App\Controllers\UserController->save()
#9 C:\Users\ASUS\Desktop\HRS\HotelRestoSimulator\backend\system\CodeIgniter.php(494): CodeIgniter\CodeIgniter->runController(Object(App\Controllers\UserController))
#10 C:\Users\ASUS\Desktop\HRS\HotelRestoSimulator\backend\system\CodeIgniter.php(353): CodeIgniter\CodeIgniter->handleRequest(NULL, Object(Config\Cache), false)
#11 C:\Users\ASUS\Desktop\HRS\HotelRestoSimulator\backend\public\index.php(86): CodeIgniter\CodeIgniter->run()
#12 C:\Users\ASUS\Desktop\HRS\HotelRestoSimulator\backend\system\Commands\Server\rewrite.php(47): require_once('C:\\Users\\ASUS\\D...')
#13 {main}
CRITICAL - 2023-11-08 15:10:14 --> Column 'roomHeart' cannot be null
in SYSTEMPATH\Database\BaseConnection.php on line 646.
 1 SYSTEMPATH\Database\BaseBuilder.php(2308): CodeIgniter\Database\BaseConnection->query('INSERT INTO `table_product` (`roomName`, `roomPrice`, `roomImg`, `roomDescription`, `roomHeart`) VALUES (:roomName:, :roomPrice:, :roomImg:, :roomDescription:, :roomHeart:)', [...], false)
 2 SYSTEMPATH\Model.php(319): CodeIgniter\Database\BaseBuilder->insert()
 3 SYSTEMPATH\BaseModel.php(788): CodeIgniter\Model->doInsert([...])
 4 SYSTEMPATH\Model.php(715): CodeIgniter\BaseModel->insert([...], true)
 5 APPPATH\Controllers\UserController.php(146): CodeIgniter\Model->insert([...])
 6 SYSTEMPATH\CodeIgniter.php(919): App\Controllers\UserController->save()
 7 SYSTEMPATH\CodeIgniter.php(494): CodeIgniter\CodeIgniter->runController(Object(App\Controllers\UserController))
 8 SYSTEMPATH\CodeIgniter.php(353): CodeIgniter\CodeIgniter->handleRequest(null, Object(Config\Cache), false)
 9 FCPATH\index.php(86): CodeIgniter\CodeIgniter->run()
10 SYSTEMPATH\Commands\Server\rewrite.php(47): require_once('C:\\Users\\ASUS\\Desktop\\HRS\\HotelRestoSimulator\\backend\\public\\index.php')
CRITICAL - 2023-11-08 15:10:52 --> Undefined array key "productImg"
in APPPATH\Views\productview.php on line 7.
 1 APPPATH\Views\productview.php(7): CodeIgniter\Debug\Exceptions->errorHandler(2, 'Undefined array key "productImg"', 'C:\\Users\\ASUS\\Desktop\\HRS\\HotelRestoSimulator\\backend\\app\\Views\\productview.php', 7)
 2 SYSTEMPATH\View\View.php(226): include('C:\\Users\\ASUS\\Desktop\\HRS\\HotelRestoSimulator\\backend\\app\\Views\\productview.php')
 3 SYSTEMPATH\View\View.php(229): CodeIgniter\View\View->CodeIgniter\View\{closure}()
 4 SYSTEMPATH\Common.php(1188): CodeIgniter\View\View->render('productview', [], true)
 5 APPPATH\Controllers\UserController.php(34): view('productview', [...])
 6 SYSTEMPATH\CodeIgniter.php(919): App\Controllers\UserController->productview()
 7 SYSTEMPATH\CodeIgniter.php(494): CodeIgniter\CodeIgniter->runController(Object(App\Controllers\UserController))
 8 SYSTEMPATH\CodeIgniter.php(353): CodeIgniter\CodeIgniter->handleRequest(null, Object(Config\Cache), false)
 9 FCPATH\index.php(86): CodeIgniter\CodeIgniter->run()
10 SYSTEMPATH\Commands\Server\rewrite.php(47): require_once('C:\\Users\\ASUS\\Desktop\\HRS\\HotelRestoSimulator\\backend\\public\\index.php')
ERROR - 2023-11-08 15:15:03 --> mysqli_sql_exception: Column 'roomHeart' cannot be null in C:\Users\ASUS\Desktop\HRS\HotelRestoSimulator\backend\system\Database\MySQLi\Connection.php:306
Stack trace:
#0 C:\Users\ASUS\Desktop\HRS\HotelRestoSimulator\backend\system\Database\MySQLi\Connection.php(306): mysqli->query('INSERT INTO `ta...', 0)
#1 C:\Users\ASUS\Desktop\HRS\HotelRestoSimulator\backend\system\Database\BaseConnection.php(692): CodeIgniter\Database\MySQLi\Connection->execute('INSERT INTO `ta...')
#2 C:\Users\ASUS\Desktop\HRS\HotelRestoSimulator\backend\system\Database\BaseConnection.php(606): CodeIgniter\Database\BaseConnection->simpleQuery('INSERT INTO `ta...')
#3 C:\Users\ASUS\Desktop\HRS\HotelRestoSimulator\backend\system\Database\BaseBuilder.php(2308): CodeIgniter\Database\BaseConnection->query('INSERT INTO `ta...', Array, false)
#4 C:\Users\ASUS\Desktop\HRS\HotelRestoSimulator\backend\system\Model.php(319): CodeIgniter\Database\BaseBuilder->insert()
#5 C:\Users\ASUS\Desktop\HRS\HotelRestoSimulator\backend\system\BaseModel.php(788): CodeIgniter\Model->doInsert(Array)
#6 C:\Users\ASUS\Desktop\HRS\HotelRestoSimulator\backend\system\Model.php(715): CodeIgniter\BaseModel->insert(Array, true)
#7 C:\Users\ASUS\Desktop\HRS\HotelRestoSimulator\backend\app\Controllers\UserController.php(146): CodeIgniter\Model->insert(Array)
#8 C:\Users\ASUS\Desktop\HRS\HotelRestoSimulator\backend\system\CodeIgniter.php(919): App\Controllers\UserController->save()
#9 C:\Users\ASUS\Desktop\HRS\HotelRestoSimulator\backend\system\CodeIgniter.php(494): CodeIgniter\CodeIgniter->runController(Object(App\Controllers\UserController))
#10 C:\Users\ASUS\Desktop\HRS\HotelRestoSimulator\backend\system\CodeIgniter.php(353): CodeIgniter\CodeIgniter->handleRequest(NULL, Object(Config\Cache), false)
#11 C:\Users\ASUS\Desktop\HRS\HotelRestoSimulator\backend\public\index.php(86): CodeIgniter\CodeIgniter->run()
#12 C:\Users\ASUS\Desktop\HRS\HotelRestoSimulator\backend\system\Commands\Server\rewrite.php(47): require_once('C:\\Users\\ASUS\\D...')
#13 {main}
CRITICAL - 2023-11-08 15:15:03 --> Column 'roomHeart' cannot be null
in SYSTEMPATH\Database\BaseConnection.php on line 646.
 1 SYSTEMPATH\Database\BaseBuilder.php(2308): CodeIgniter\Database\BaseConnection->query('INSERT INTO `table_product` (`roomName`, `roomPrice`, `roomImg`, `roomDescription`, `roomHeart`) VALUES (:roomName:, :roomPrice:, :roomImg:, :roomDescription:, :roomHeart:)', [...], false)
 2 SYSTEMPATH\Model.php(319): CodeIgniter\Database\BaseBuilder->insert()
 3 SYSTEMPATH\BaseModel.php(788): CodeIgniter\Model->doInsert([...])
 4 SYSTEMPATH\Model.php(715): CodeIgniter\BaseModel->insert([...], true)
 5 APPPATH\Controllers\UserController.php(146): CodeIgniter\Model->insert([...])
 6 SYSTEMPATH\CodeIgniter.php(919): App\Controllers\UserController->save()
 7 SYSTEMPATH\CodeIgniter.php(494): CodeIgniter\CodeIgniter->runController(Object(App\Controllers\UserController))
 8 SYSTEMPATH\CodeIgniter.php(353): CodeIgniter\CodeIgniter->handleRequest(null, Object(Config\Cache), false)
 9 FCPATH\index.php(86): CodeIgniter\CodeIgniter->run()
10 SYSTEMPATH\Commands\Server\rewrite.php(47): require_once('C:\\Users\\ASUS\\Desktop\\HRS\\HotelRestoSimulator\\backend\\public\\index.php')
CRITICAL - 2023-11-08 15:43:09 --> Declaration of App\Controllers\UserController::edit($id) must be compatible with CodeIgniter\RESTful\ResourceController::edit($id = null)
in APPPATH\Controllers\UserController.php on line 153.
 1 [internal function]: CodeIgniter\Debug\Exceptions->shutdownHandler()
CRITICAL - 2023-11-08 15:43:23 --> Declaration of App\Controllers\UserController::edit($id) must be compatible with CodeIgniter\RESTful\ResourceController::edit($id = null)
in APPPATH\Controllers\UserController.php on line 153.
 1 [internal function]: CodeIgniter\Debug\Exceptions->shutdownHandler()
