CRITICAL - 2023-11-13 20:16:46 --> The framework needs the following extension(s) installed and loaded: intl.
in SYSTEMPATH\CodeIgniter.php on line 252.
 1 SYSTEMPATH\CodeIgniter.php(252): CodeIgniter\Exceptions\FrameworkException::forMissingExtension('intl')
 2 SYSTEMPATH\CodeIgniter.php(214): CodeIgniter\CodeIgniter->resolvePlatformExtensions()
 3 ROOTPATH\spark(88): CodeIgniter\CodeIgniter->initialize()
CRITICAL - 2023-11-13 20:16:46 --> Uncaught Error: Class "Locale" not found in C:\Users\ASUS\Desktop\HRS\HotelResto--Simulator\backend\system\I18n\TimeTrait.php:74
Stack trace:
#0 C:\Users\ASUS\Desktop\HRS\HotelResto--Simulator\backend\system\I18n\TimeTrait.php(115): CodeIgniter\I18n\Time->__construct(NULL, NULL, NULL)
#1 C:\Users\ASUS\Desktop\HRS\HotelResto--Simulator\backend\system\HTTP\ResponseTrait.php(468): CodeIgniter\I18n\Time::now()
#2 C:\Users\ASUS\Desktop\HRS\HotelResto--Simulator\backend\system\HTTP\ResponseTrait.php(446): CodeIgniter\HTTP\Response->sendHeaders()
#3 C:\Users\ASUS\Desktop\HRS\HotelResto--Simulator\backend\system\Debug\ExceptionHandler.php(81): CodeIgniter\HTTP\Response->send()
#4 C:\Users\ASUS\Desktop\HRS\HotelResto--Simulator\backend\system\Debug\Exceptions.php(149): CodeIgniter\Debug\ExceptionHandler->handle(Object(CodeIgniter\Exceptions\FrameworkException), Object(CodeIgniter\HTTP\IncomingRequest), Object(CodeIgniter\HTTP\Response), 500, 1)
#5 [internal function]: CodeIgniter\Debug\Exceptions->exceptionHandler(Object(CodeIgniter\Exceptions\FrameworkException))
#6 {main}
  thrown
ã€Previous Exceptionã€‘
CodeIgniter\Exceptions\FrameworkException
The framework needs the following extension(s) installed and loaded: intl.
#0 C:\Users\ASUS\Desktop\HRS\HotelResto--Simulator\backend\system\CodeIgniter.php(252): CodeIgniter\Exceptions\FrameworkException::forMissingExtension('intl')
#1 C:\Users\ASUS\Desktop\HRS\HotelResto--Simulator\backend\system\CodeIgniter.php(214): CodeIgniter\CodeIgniter->resolvePlatformExtensions()
#2 C:\Users\ASUS\Desktop\HRS\HotelResto--Simulator\backend\spark(88): CodeIgniter\CodeIgniter->initialize()
#3 {main}
in SYSTEMPATH\I18n\TimeTrait.php on line 74.
 1 [internal function]: CodeIgniter\Debug\Exceptions->shutdownHandler()
CRITICAL - 2023-11-13 20:18:23 --> The framework needs the following extension(s) installed and loaded: intl.
in SYSTEMPATH\CodeIgniter.php on line 252.
 1 SYSTEMPATH\CodeIgniter.php(252): CodeIgniter\Exceptions\FrameworkException::forMissingExtension('intl')
 2 SYSTEMPATH\CodeIgniter.php(214): CodeIgniter\CodeIgniter->resolvePlatformExtensions()
 3 ROOTPATH\spark(88): CodeIgniter\CodeIgniter->initialize()
CRITICAL - 2023-11-13 20:18:23 --> Uncaught Error: Class "Locale" not found in C:\Users\ASUS\Desktop\HRS\HotelResto--Simulator\backend\system\I18n\TimeTrait.php:74
Stack trace:
#0 C:\Users\ASUS\Desktop\HRS\HotelResto--Simulator\backend\system\I18n\TimeTrait.php(115): CodeIgniter\I18n\Time->__construct(NULL, NULL, NULL)
#1 C:\Users\ASUS\Desktop\HRS\HotelResto--Simulator\backend\system\HTTP\ResponseTrait.php(468): CodeIgniter\I18n\Time::now()
#2 C:\Users\ASUS\Desktop\HRS\HotelResto--Simulator\backend\system\HTTP\ResponseTrait.php(446): CodeIgniter\HTTP\Response->sendHeaders()
#3 C:\Users\ASUS\Desktop\HRS\HotelResto--Simulator\backend\system\Debug\ExceptionHandler.php(81): CodeIgniter\HTTP\Response->send()
#4 C:\Users\ASUS\Desktop\HRS\HotelResto--Simulator\backend\system\Debug\Exceptions.php(149): CodeIgniter\Debug\ExceptionHandler->handle(Object(CodeIgniter\Exceptions\FrameworkException), Object(CodeIgniter\HTTP\IncomingRequest), Object(CodeIgniter\HTTP\Response), 500, 1)
#5 [internal function]: CodeIgniter\Debug\Exceptions->exceptionHandler(Object(CodeIgniter\Exceptions\FrameworkException))
#6 {main}
  thrown
ã€Previous Exceptionã€‘
CodeIgniter\Exceptions\FrameworkException
The framework needs the following extension(s) installed and loaded: intl.
#0 C:\Users\ASUS\Desktop\HRS\HotelResto--Simulator\backend\system\CodeIgniter.php(252): CodeIgniter\Exceptions\FrameworkException::forMissingExtension('intl')
#1 C:\Users\ASUS\Desktop\HRS\HotelResto--Simulator\backend\system\CodeIgniter.php(214): CodeIgniter\CodeIgniter->resolvePlatformExtensions()
#2 C:\Users\ASUS\Desktop\HRS\HotelResto--Simulator\backend\spark(88): CodeIgniter\CodeIgniter->initialize()
#3 {main}
in SYSTEMPATH\I18n\TimeTrait.php on line 74.
 1 [internal function]: CodeIgniter\Debug\Exceptions->shutdownHandler()
CRITICAL - 2023-11-13 19:32:57 --> Undefined array key "roomHeart"
in APPPATH\Views\include\shop.php on line 17.
 1 APPPATH\Views\include\shop.php(17): CodeIgniter\Debug\Exceptions->errorHandler(2, 'Undefined array key "roomHeart"', 'C:\\Users\\ASUS\\Desktop\\HRS\\HotelResto--Simulator\\backend\\app\\Views\\include\\shop.php', 17)
 2 SYSTEMPATH\View\View.php(228): include('C:\\Users\\ASUS\\Desktop\\HRS\\HotelResto--Simulator\\backend\\app\\Views\\include\\shop.php')
 3 SYSTEMPATH\View\View.php(231): CodeIgniter\View\View->CodeIgniter\View\{closure}()
 4 SYSTEMPATH\View\View.php(469): CodeIgniter\View\View->render('include/shop', null, true)
 5 APPPATH\Views\home.php(4): CodeIgniter\View\View->include('include/shop')
 6 SYSTEMPATH\View\View.php(228): include('C:\\Users\\ASUS\\Desktop\\HRS\\HotelResto--Simulator\\backend\\app\\Views\\home.php')
 7 SYSTEMPATH\View\View.php(231): CodeIgniter\View\View->CodeIgniter\View\{closure}()
 8 SYSTEMPATH\Common.php(1190): CodeIgniter\View\View->render('home', [], true)
 9 APPPATH\Controllers\UserController.php(23): view('home', [...])
10 SYSTEMPATH\CodeIgniter.php(942): App\Controllers\UserController->index()
11 SYSTEMPATH\CodeIgniter.php(502): CodeIgniter\CodeIgniter->runController(Object(App\Controllers\UserController))
12 SYSTEMPATH\CodeIgniter.php(361): CodeIgniter\CodeIgniter->handleRequest(null, Object(Config\Cache), false)
13 FCPATH\index.php(86): CodeIgniter\CodeIgniter->run()
14 SYSTEMPATH\Commands\Server\rewrite.php(47): require_once('C:\\Users\\ASUS\\Desktop\\HRS\\HotelResto--Simulator\\backend\\public\\index.php')
CRITICAL - 2023-11-13 19:58:08 --> Object of class CodeIgniter\Router\RouteCollection could not be converted to string
in APPPATH\Config\Routes.php on line 16.
 1 SYSTEMPATH\Router\RouteCollection.php(344): require()
 2 SYSTEMPATH\CLI\Console.php(39): CodeIgniter\Router\RouteCollection->loadRoutes()
 3 ROOTPATH\spark(102): CodeIgniter\CLI\Console->run()
CRITICAL - 2023-11-13 19:59:57 --> Object of class CodeIgniter\Router\RouteCollection could not be converted to string
in APPPATH\Config\Routes.php on line 16.
 1 SYSTEMPATH\Router\RouteCollection.php(344): require()
 2 SYSTEMPATH\CLI\Console.php(39): CodeIgniter\Router\RouteCollection->loadRoutes()
 3 ROOTPATH\spark(102): CodeIgniter\CLI\Console->run()
CRITICAL - 2023-11-13 20:02:21 --> Object of class CodeIgniter\Router\RouteCollection could not be converted to string
in APPPATH\Config\Routes.php on line 16.
 1 SYSTEMPATH\Router\RouteCollection.php(344): require()
 2 SYSTEMPATH\CodeIgniter.php(810): CodeIgniter\Router\RouteCollection->loadRoutes()
 3 SYSTEMPATH\CodeIgniter.php(450): CodeIgniter\CodeIgniter->tryToRouteIt(null)
 4 SYSTEMPATH\CodeIgniter.php(361): CodeIgniter\CodeIgniter->handleRequest(null, Object(Config\Cache), false)
 5 FCPATH\index.php(86): CodeIgniter\CodeIgniter->run()
