ERROR - 2023-11-18 12:03:00 --> mysqli_sql_exception: Column 'email' cannot be null in C:\Users\ASUS\Desktop\HRS\HotelResto--Simulator\backend\system\Database\MySQLi\Connection.php:306
Stack trace:
#0 C:\Users\ASUS\Desktop\HRS\HotelResto--Simulator\backend\system\Database\MySQLi\Connection.php(306): mysqli->query('INSERT INTO `ta...', 0)
#1 C:\Users\ASUS\Desktop\HRS\HotelResto--Simulator\backend\system\Database\BaseConnection.php(693): CodeIgniter\Database\MySQLi\Connection->execute('INSERT INTO `ta...')
#2 C:\Users\ASUS\Desktop\HRS\HotelResto--Simulator\backend\system\Database\BaseConnection.php(607): CodeIgniter\Database\BaseConnection->simpleQuery('INSERT INTO `ta...')
#3 C:\Users\ASUS\Desktop\HRS\HotelResto--Simulator\backend\system\Database\BaseBuilder.php(2308): CodeIgniter\Database\BaseConnection->query('INSERT INTO `ta...', Array, false)
#4 C:\Users\ASUS\Desktop\HRS\HotelResto--Simulator\backend\system\Model.php(319): CodeIgniter\Database\BaseBuilder->insert()
#5 C:\Users\ASUS\Desktop\HRS\HotelResto--Simulator\backend\system\BaseModel.php(788): CodeIgniter\Model->doInsert(Array)
#6 C:\Users\ASUS\Desktop\HRS\HotelResto--Simulator\backend\system\Model.php(715): CodeIgniter\BaseModel->insert(Array, false)
#7 C:\Users\ASUS\Desktop\HRS\HotelResto--Simulator\backend\system\BaseModel.php(698): CodeIgniter\Model->insert(Array, false)
#8 C:\Users\ASUS\Desktop\HRS\HotelResto--Simulator\backend\app\Controllers\UserController.php(24): CodeIgniter\BaseModel->save(Array)
#9 C:\Users\ASUS\Desktop\HRS\HotelResto--Simulator\backend\system\CodeIgniter.php(942): App\Controllers\UserController->register()
#10 C:\Users\ASUS\Desktop\HRS\HotelResto--Simulator\backend\system\CodeIgniter.php(502): CodeIgniter\CodeIgniter->runController(Object(App\Controllers\UserController))
#11 C:\Users\ASUS\Desktop\HRS\HotelResto--Simulator\backend\system\CodeIgniter.php(361): CodeIgniter\CodeIgniter->handleRequest(NULL, Object(Config\Cache), false)
#12 C:\Users\ASUS\Desktop\HRS\HotelResto--Simulator\backend\public\index.php(86): CodeIgniter\CodeIgniter->run()
#13 {main}
CRITICAL - 2023-11-18 12:03:00 --> Column 'email' cannot be null
in SYSTEMPATH\Database\BaseConnection.php on line 647.
 1 SYSTEMPATH\Database\BaseBuilder.php(2308): CodeIgniter\Database\BaseConnection->query('INSERT INTO `table_register` (`username`, `email`, `password`, `token`, `status`, `usertype`) VALUES (:username:, :email:, :password:, :token:, :status:, :usertype:)', [...], false)
 2 SYSTEMPATH\Model.php(319): CodeIgniter\Database\BaseBuilder->insert()
 3 SYSTEMPATH\BaseModel.php(788): CodeIgniter\Model->doInsert([...])
 4 SYSTEMPATH\Model.php(715): CodeIgniter\BaseModel->insert([...], false)
 5 SYSTEMPATH\BaseModel.php(698): CodeIgniter\Model->insert([...], false)
 6 APPPATH\Controllers\UserController.php(24): CodeIgniter\BaseModel->save([...])
 7 SYSTEMPATH\CodeIgniter.php(942): App\Controllers\UserController->register()
 8 SYSTEMPATH\CodeIgniter.php(502): CodeIgniter\CodeIgniter->runController(Object(App\Controllers\UserController))
 9 SYSTEMPATH\CodeIgniter.php(361): CodeIgniter\CodeIgniter->handleRequest(null, Object(Config\Cache), false)
10 FCPATH\index.php(86): CodeIgniter\CodeIgniter->run()
ERROR - 2023-11-18 12:03:47 --> mysqli_sql_exception: Column 'email' cannot be null in C:\Users\ASUS\Desktop\HRS\HotelResto--Simulator\backend\system\Database\MySQLi\Connection.php:306
Stack trace:
#0 C:\Users\ASUS\Desktop\HRS\HotelResto--Simulator\backend\system\Database\MySQLi\Connection.php(306): mysqli->query('INSERT INTO `ta...', 0)
#1 C:\Users\ASUS\Desktop\HRS\HotelResto--Simulator\backend\system\Database\BaseConnection.php(693): CodeIgniter\Database\MySQLi\Connection->execute('INSERT INTO `ta...')
#2 C:\Users\ASUS\Desktop\HRS\HotelResto--Simulator\backend\system\Database\BaseConnection.php(607): CodeIgniter\Database\BaseConnection->simpleQuery('INSERT INTO `ta...')
#3 C:\Users\ASUS\Desktop\HRS\HotelResto--Simulator\backend\system\Database\BaseBuilder.php(2308): CodeIgniter\Database\BaseConnection->query('INSERT INTO `ta...', Array, false)
#4 C:\Users\ASUS\Desktop\HRS\HotelResto--Simulator\backend\system\Model.php(319): CodeIgniter\Database\BaseBuilder->insert()
#5 C:\Users\ASUS\Desktop\HRS\HotelResto--Simulator\backend\system\BaseModel.php(788): CodeIgniter\Model->doInsert(Array)
#6 C:\Users\ASUS\Desktop\HRS\HotelResto--Simulator\backend\system\Model.php(715): CodeIgniter\BaseModel->insert(Array, false)
#7 C:\Users\ASUS\Desktop\HRS\HotelResto--Simulator\backend\system\BaseModel.php(698): CodeIgniter\Model->insert(Array, false)
#8 C:\Users\ASUS\Desktop\HRS\HotelResto--Simulator\backend\app\Controllers\UserController.php(24): CodeIgniter\BaseModel->save(Array)
#9 C:\Users\ASUS\Desktop\HRS\HotelResto--Simulator\backend\system\CodeIgniter.php(942): App\Controllers\UserController->register()
#10 C:\Users\ASUS\Desktop\HRS\HotelResto--Simulator\backend\system\CodeIgniter.php(502): CodeIgniter\CodeIgniter->runController(Object(App\Controllers\UserController))
#11 C:\Users\ASUS\Desktop\HRS\HotelResto--Simulator\backend\system\CodeIgniter.php(361): CodeIgniter\CodeIgniter->handleRequest(NULL, Object(Config\Cache), false)
#12 C:\Users\ASUS\Desktop\HRS\HotelResto--Simulator\backend\public\index.php(86): CodeIgniter\CodeIgniter->run()
#13 {main}
CRITICAL - 2023-11-18 12:03:47 --> Column 'email' cannot be null
in SYSTEMPATH\Database\BaseConnection.php on line 647.
 1 SYSTEMPATH\Database\BaseBuilder.php(2308): CodeIgniter\Database\BaseConnection->query('INSERT INTO `table_register` (`username`, `email`, `password`, `token`, `status`, `usertype`) VALUES (:username:, :email:, :password:, :token:, :status:, :usertype:)', [...], false)
 2 SYSTEMPATH\Model.php(319): CodeIgniter\Database\BaseBuilder->insert()
 3 SYSTEMPATH\BaseModel.php(788): CodeIgniter\Model->doInsert([...])
 4 SYSTEMPATH\Model.php(715): CodeIgniter\BaseModel->insert([...], false)
 5 SYSTEMPATH\BaseModel.php(698): CodeIgniter\Model->insert([...], false)
 6 APPPATH\Controllers\UserController.php(24): CodeIgniter\BaseModel->save([...])
 7 SYSTEMPATH\CodeIgniter.php(942): App\Controllers\UserController->register()
 8 SYSTEMPATH\CodeIgniter.php(502): CodeIgniter\CodeIgniter->runController(Object(App\Controllers\UserController))
 9 SYSTEMPATH\CodeIgniter.php(361): CodeIgniter\CodeIgniter->handleRequest(null, Object(Config\Cache), false)
10 FCPATH\index.php(86): CodeIgniter\CodeIgniter->run()
ERROR - 2023-11-18 08:26:41 --> mysqli_sql_exception: Column 'email' cannot be null in C:\Users\ASUS\Desktop\HRS\HotelResto--Simulator\backend\system\Database\MySQLi\Connection.php:306
Stack trace:
#0 C:\Users\ASUS\Desktop\HRS\HotelResto--Simulator\backend\system\Database\MySQLi\Connection.php(306): mysqli->query('INSERT INTO `ta...', 0)
#1 C:\Users\ASUS\Desktop\HRS\HotelResto--Simulator\backend\system\Database\BaseConnection.php(693): CodeIgniter\Database\MySQLi\Connection->execute('INSERT INTO `ta...')
#2 C:\Users\ASUS\Desktop\HRS\HotelResto--Simulator\backend\system\Database\BaseConnection.php(607): CodeIgniter\Database\BaseConnection->simpleQuery('INSERT INTO `ta...')
#3 C:\Users\ASUS\Desktop\HRS\HotelResto--Simulator\backend\system\Database\BaseBuilder.php(2308): CodeIgniter\Database\BaseConnection->query('INSERT INTO `ta...', Array, false)
#4 C:\Users\ASUS\Desktop\HRS\HotelResto--Simulator\backend\system\Model.php(319): CodeIgniter\Database\BaseBuilder->insert()
#5 C:\Users\ASUS\Desktop\HRS\HotelResto--Simulator\backend\system\BaseModel.php(788): CodeIgniter\Model->doInsert(Array)
#6 C:\Users\ASUS\Desktop\HRS\HotelResto--Simulator\backend\system\Model.php(715): CodeIgniter\BaseModel->insert(Array, false)
#7 C:\Users\ASUS\Desktop\HRS\HotelResto--Simulator\backend\system\BaseModel.php(698): CodeIgniter\Model->insert(Array, false)
#8 C:\Users\ASUS\Desktop\HRS\HotelResto--Simulator\backend\app\Controllers\UserController.php(24): CodeIgniter\BaseModel->save(Array)
#9 C:\Users\ASUS\Desktop\HRS\HotelResto--Simulator\backend\system\CodeIgniter.php(942): App\Controllers\UserController->register()
#10 C:\Users\ASUS\Desktop\HRS\HotelResto--Simulator\backend\system\CodeIgniter.php(502): CodeIgniter\CodeIgniter->runController(Object(App\Controllers\UserController))
#11 C:\Users\ASUS\Desktop\HRS\HotelResto--Simulator\backend\system\CodeIgniter.php(361): CodeIgniter\CodeIgniter->handleRequest(NULL, Object(Config\Cache), false)
#12 C:\Users\ASUS\Desktop\HRS\HotelResto--Simulator\backend\public\index.php(86): CodeIgniter\CodeIgniter->run()
#13 {main}
CRITICAL - 2023-11-18 08:26:41 --> Column 'email' cannot be null
in SYSTEMPATH\Database\BaseConnection.php on line 647.
 1 SYSTEMPATH\Database\BaseBuilder.php(2308): CodeIgniter\Database\BaseConnection->query('INSERT INTO `table_register` (`username`, `email`, `password`, `usertype`, `token`, `status`) VALUES (:username:, :email:, :password:, :usertype:, :token:, :status:)', [...], false)
 2 SYSTEMPATH\Model.php(319): CodeIgniter\Database\BaseBuilder->insert()
 3 SYSTEMPATH\BaseModel.php(788): CodeIgniter\Model->doInsert([...])
 4 SYSTEMPATH\Model.php(715): CodeIgniter\BaseModel->insert([...], false)
 5 SYSTEMPATH\BaseModel.php(698): CodeIgniter\Model->insert([...], false)
 6 APPPATH\Controllers\UserController.php(24): CodeIgniter\BaseModel->save([...])
 7 SYSTEMPATH\CodeIgniter.php(942): App\Controllers\UserController->register()
 8 SYSTEMPATH\CodeIgniter.php(502): CodeIgniter\CodeIgniter->runController(Object(App\Controllers\UserController))
 9 SYSTEMPATH\CodeIgniter.php(361): CodeIgniter\CodeIgniter->handleRequest(null, Object(Config\Cache), false)
10 FCPATH\index.php(86): CodeIgniter\CodeIgniter->run()
ERROR - 2023-11-18 08:26:51 --> mysqli_sql_exception: Column 'email' cannot be null in C:\Users\ASUS\Desktop\HRS\HotelResto--Simulator\backend\system\Database\MySQLi\Connection.php:306
Stack trace:
#0 C:\Users\ASUS\Desktop\HRS\HotelResto--Simulator\backend\system\Database\MySQLi\Connection.php(306): mysqli->query('INSERT INTO `ta...', 0)
#1 C:\Users\ASUS\Desktop\HRS\HotelResto--Simulator\backend\system\Database\BaseConnection.php(693): CodeIgniter\Database\MySQLi\Connection->execute('INSERT INTO `ta...')
#2 C:\Users\ASUS\Desktop\HRS\HotelResto--Simulator\backend\system\Database\BaseConnection.php(607): CodeIgniter\Database\BaseConnection->simpleQuery('INSERT INTO `ta...')
#3 C:\Users\ASUS\Desktop\HRS\HotelResto--Simulator\backend\system\Database\BaseBuilder.php(2308): CodeIgniter\Database\BaseConnection->query('INSERT INTO `ta...', Array, false)
#4 C:\Users\ASUS\Desktop\HRS\HotelResto--Simulator\backend\system\Model.php(319): CodeIgniter\Database\BaseBuilder->insert()
#5 C:\Users\ASUS\Desktop\HRS\HotelResto--Simulator\backend\system\BaseModel.php(788): CodeIgniter\Model->doInsert(Array)
#6 C:\Users\ASUS\Desktop\HRS\HotelResto--Simulator\backend\system\Model.php(715): CodeIgniter\BaseModel->insert(Array, false)
#7 C:\Users\ASUS\Desktop\HRS\HotelResto--Simulator\backend\system\BaseModel.php(698): CodeIgniter\Model->insert(Array, false)
#8 C:\Users\ASUS\Desktop\HRS\HotelResto--Simulator\backend\app\Controllers\UserController.php(24): CodeIgniter\BaseModel->save(Array)
#9 C:\Users\ASUS\Desktop\HRS\HotelResto--Simulator\backend\system\CodeIgniter.php(942): App\Controllers\UserController->register()
#10 C:\Users\ASUS\Desktop\HRS\HotelResto--Simulator\backend\system\CodeIgniter.php(502): CodeIgniter\CodeIgniter->runController(Object(App\Controllers\UserController))
#11 C:\Users\ASUS\Desktop\HRS\HotelResto--Simulator\backend\system\CodeIgniter.php(361): CodeIgniter\CodeIgniter->handleRequest(NULL, Object(Config\Cache), false)
#12 C:\Users\ASUS\Desktop\HRS\HotelResto--Simulator\backend\public\index.php(86): CodeIgniter\CodeIgniter->run()
#13 {main}
CRITICAL - 2023-11-18 08:26:51 --> Column 'email' cannot be null
in SYSTEMPATH\Database\BaseConnection.php on line 647.
 1 SYSTEMPATH\Database\BaseBuilder.php(2308): CodeIgniter\Database\BaseConnection->query('INSERT INTO `table_register` (`username`, `email`, `password`, `usertype`, `token`, `status`) VALUES (:username:, :email:, :password:, :usertype:, :token:, :status:)', [...], false)
 2 SYSTEMPATH\Model.php(319): CodeIgniter\Database\BaseBuilder->insert()
 3 SYSTEMPATH\BaseModel.php(788): CodeIgniter\Model->doInsert([...])
 4 SYSTEMPATH\Model.php(715): CodeIgniter\BaseModel->insert([...], false)
 5 SYSTEMPATH\BaseModel.php(698): CodeIgniter\Model->insert([...], false)
 6 APPPATH\Controllers\UserController.php(24): CodeIgniter\BaseModel->save([...])
 7 SYSTEMPATH\CodeIgniter.php(942): App\Controllers\UserController->register()
 8 SYSTEMPATH\CodeIgniter.php(502): CodeIgniter\CodeIgniter->runController(Object(App\Controllers\UserController))
 9 SYSTEMPATH\CodeIgniter.php(361): CodeIgniter\CodeIgniter->handleRequest(null, Object(Config\Cache), false)
10 FCPATH\index.php(86): CodeIgniter\CodeIgniter->run()
