CRITICAL - 2023-11-19 15:06:37 --> Undefined property: stdClass::$roomImg
in APPPATH\Controllers\MainController.php on line 59.
 1 APPPATH\Controllers\MainController.php(59): CodeIgniter\Debug\Exceptions->errorHandler(2, 'Undefined property: stdClass::$roomImg', 'C:\\Users\\ASUS\\Desktop\\HRS\\HotelResto--Simulator\\backend\\app\\Controllers\\MainController.php', 59)
 2 SYSTEMPATH\CodeIgniter.php(942): App\Controllers\MainController->save()
 3 SYSTEMPATH\CodeIgniter.php(502): CodeIgniter\CodeIgniter->runController(Object(App\Controllers\MainController))
 4 SYSTEMPATH\CodeIgniter.php(361): CodeIgniter\CodeIgniter->handleRequest(null, Object(Config\Cache), false)
 5 FCPATH\index.php(86): CodeIgniter\CodeIgniter->run()
CRITICAL - 2023-11-19 15:06:39 --> Undefined property: stdClass::$roomImg
in APPPATH\Controllers\MainController.php on line 59.
 1 APPPATH\Controllers\MainController.php(59): CodeIgniter\Debug\Exceptions->errorHandler(2, 'Undefined property: stdClass::$roomImg', 'C:\\Users\\ASUS\\Desktop\\HRS\\HotelResto--Simulator\\backend\\app\\Controllers\\MainController.php', 59)
 2 SYSTEMPATH\CodeIgniter.php(942): App\Controllers\MainController->save()
 3 SYSTEMPATH\CodeIgniter.php(502): CodeIgniter\CodeIgniter->runController(Object(App\Controllers\MainController))
 4 SYSTEMPATH\CodeIgniter.php(361): CodeIgniter\CodeIgniter->handleRequest(null, Object(Config\Cache), false)
 5 FCPATH\index.php(86): CodeIgniter\CodeIgniter->run()
CRITICAL - 2023-11-19 15:06:45 --> Undefined property: stdClass::$roomImg
in APPPATH\Controllers\MainController.php on line 59.
 1 APPPATH\Controllers\MainController.php(59): CodeIgniter\Debug\Exceptions->errorHandler(2, 'Undefined property: stdClass::$roomImg', 'C:\\Users\\ASUS\\Desktop\\HRS\\HotelResto--Simulator\\backend\\app\\Controllers\\MainController.php', 59)
 2 SYSTEMPATH\CodeIgniter.php(942): App\Controllers\MainController->save()
 3 SYSTEMPATH\CodeIgniter.php(502): CodeIgniter\CodeIgniter->runController(Object(App\Controllers\MainController))
 4 SYSTEMPATH\CodeIgniter.php(361): CodeIgniter\CodeIgniter->handleRequest(null, Object(Config\Cache), false)
 5 FCPATH\index.php(86): CodeIgniter\CodeIgniter->run()
CRITICAL - 2023-11-19 15:06:45 --> Undefined property: stdClass::$roomImg
in APPPATH\Controllers\MainController.php on line 59.
 1 APPPATH\Controllers\MainController.php(59): CodeIgniter\Debug\Exceptions->errorHandler(2, 'Undefined property: stdClass::$roomImg', 'C:\\Users\\ASUS\\Desktop\\HRS\\HotelResto--Simulator\\backend\\app\\Controllers\\MainController.php', 59)
 2 SYSTEMPATH\CodeIgniter.php(942): App\Controllers\MainController->save()
 3 SYSTEMPATH\CodeIgniter.php(502): CodeIgniter\CodeIgniter->runController(Object(App\Controllers\MainController))
 4 SYSTEMPATH\CodeIgniter.php(361): CodeIgniter\CodeIgniter->handleRequest(null, Object(Config\Cache), false)
 5 FCPATH\index.php(86): CodeIgniter\CodeIgniter->run()
CRITICAL - 2023-11-19 15:06:45 --> Undefined property: stdClass::$roomImg
in APPPATH\Controllers\MainController.php on line 59.
 1 APPPATH\Controllers\MainController.php(59): CodeIgniter\Debug\Exceptions->errorHandler(2, 'Undefined property: stdClass::$roomImg', 'C:\\Users\\ASUS\\Desktop\\HRS\\HotelResto--Simulator\\backend\\app\\Controllers\\MainController.php', 59)
 2 SYSTEMPATH\CodeIgniter.php(942): App\Controllers\MainController->save()
 3 SYSTEMPATH\CodeIgniter.php(502): CodeIgniter\CodeIgniter->runController(Object(App\Controllers\MainController))
 4 SYSTEMPATH\CodeIgniter.php(361): CodeIgniter\CodeIgniter->handleRequest(null, Object(Config\Cache), false)
 5 FCPATH\index.php(86): CodeIgniter\CodeIgniter->run()
CRITICAL - 2023-11-19 15:06:45 --> Undefined property: stdClass::$roomImg
in APPPATH\Controllers\MainController.php on line 59.
 1 APPPATH\Controllers\MainController.php(59): CodeIgniter\Debug\Exceptions->errorHandler(2, 'Undefined property: stdClass::$roomImg', 'C:\\Users\\ASUS\\Desktop\\HRS\\HotelResto--Simulator\\backend\\app\\Controllers\\MainController.php', 59)
 2 SYSTEMPATH\CodeIgniter.php(942): App\Controllers\MainController->save()
 3 SYSTEMPATH\CodeIgniter.php(502): CodeIgniter\CodeIgniter->runController(Object(App\Controllers\MainController))
 4 SYSTEMPATH\CodeIgniter.php(361): CodeIgniter\CodeIgniter->handleRequest(null, Object(Config\Cache), false)
 5 FCPATH\index.php(86): CodeIgniter\CodeIgniter->run()
CRITICAL - 2023-11-19 15:06:46 --> Undefined property: stdClass::$roomImg
in APPPATH\Controllers\MainController.php on line 59.
 1 APPPATH\Controllers\MainController.php(59): CodeIgniter\Debug\Exceptions->errorHandler(2, 'Undefined property: stdClass::$roomImg', 'C:\\Users\\ASUS\\Desktop\\HRS\\HotelResto--Simulator\\backend\\app\\Controllers\\MainController.php', 59)
 2 SYSTEMPATH\CodeIgniter.php(942): App\Controllers\MainController->save()
 3 SYSTEMPATH\CodeIgniter.php(502): CodeIgniter\CodeIgniter->runController(Object(App\Controllers\MainController))
 4 SYSTEMPATH\CodeIgniter.php(361): CodeIgniter\CodeIgniter->handleRequest(null, Object(Config\Cache), false)
 5 FCPATH\index.php(86): CodeIgniter\CodeIgniter->run()
CRITICAL - 2023-11-19 15:09:10 --> Undefined property: stdClass::$roomImg
in APPPATH\Controllers\MainController.php on line 59.
 1 APPPATH\Controllers\MainController.php(59): CodeIgniter\Debug\Exceptions->errorHandler(2, 'Undefined property: stdClass::$roomImg', 'C:\\Users\\ASUS\\Desktop\\HRS\\HotelResto--Simulator\\backend\\app\\Controllers\\MainController.php', 59)
 2 SYSTEMPATH\CodeIgniter.php(942): App\Controllers\MainController->save()
 3 SYSTEMPATH\CodeIgniter.php(502): CodeIgniter\CodeIgniter->runController(Object(App\Controllers\MainController))
 4 SYSTEMPATH\CodeIgniter.php(361): CodeIgniter\CodeIgniter->handleRequest(null, Object(Config\Cache), false)
 5 FCPATH\index.php(86): CodeIgniter\CodeIgniter->run()
CRITICAL - 2023-11-19 15:09:13 --> Undefined property: stdClass::$roomImg
in APPPATH\Controllers\MainController.php on line 59.
 1 APPPATH\Controllers\MainController.php(59): CodeIgniter\Debug\Exceptions->errorHandler(2, 'Undefined property: stdClass::$roomImg', 'C:\\Users\\ASUS\\Desktop\\HRS\\HotelResto--Simulator\\backend\\app\\Controllers\\MainController.php', 59)
 2 SYSTEMPATH\CodeIgniter.php(942): App\Controllers\MainController->save()
 3 SYSTEMPATH\CodeIgniter.php(502): CodeIgniter\CodeIgniter->runController(Object(App\Controllers\MainController))
 4 SYSTEMPATH\CodeIgniter.php(361): CodeIgniter\CodeIgniter->handleRequest(null, Object(Config\Cache), false)
 5 FCPATH\index.php(86): CodeIgniter\CodeIgniter->run()
CRITICAL - 2023-11-19 15:09:22 --> Undefined property: stdClass::$roomImg
in APPPATH\Controllers\MainController.php on line 59.
 1 APPPATH\Controllers\MainController.php(59): CodeIgniter\Debug\Exceptions->errorHandler(2, 'Undefined property: stdClass::$roomImg', 'C:\\Users\\ASUS\\Desktop\\HRS\\HotelResto--Simulator\\backend\\app\\Controllers\\MainController.php', 59)
 2 SYSTEMPATH\CodeIgniter.php(942): App\Controllers\MainController->save()
 3 SYSTEMPATH\CodeIgniter.php(502): CodeIgniter\CodeIgniter->runController(Object(App\Controllers\MainController))
 4 SYSTEMPATH\CodeIgniter.php(361): CodeIgniter\CodeIgniter->handleRequest(null, Object(Config\Cache), false)
 5 FCPATH\index.php(86): CodeIgniter\CodeIgniter->run()
CRITICAL - 2023-11-19 15:11:08 --> Undefined property: stdClass::$roomImg
in APPPATH\Controllers\MainController.php on line 59.
 1 APPPATH\Controllers\MainController.php(59): CodeIgniter\Debug\Exceptions->errorHandler(2, 'Undefined property: stdClass::$roomImg', 'C:\\Users\\ASUS\\Desktop\\HRS\\HotelResto--Simulator\\backend\\app\\Controllers\\MainController.php', 59)
 2 SYSTEMPATH\CodeIgniter.php(942): App\Controllers\MainController->save()
 3 SYSTEMPATH\CodeIgniter.php(502): CodeIgniter\CodeIgniter->runController(Object(App\Controllers\MainController))
 4 SYSTEMPATH\CodeIgniter.php(361): CodeIgniter\CodeIgniter->handleRequest(null, Object(Config\Cache), false)
 5 FCPATH\index.php(86): CodeIgniter\CodeIgniter->run()
CRITICAL - 2023-11-19 15:11:11 --> Undefined property: stdClass::$roomImg
in APPPATH\Controllers\MainController.php on line 59.
 1 APPPATH\Controllers\MainController.php(59): CodeIgniter\Debug\Exceptions->errorHandler(2, 'Undefined property: stdClass::$roomImg', 'C:\\Users\\ASUS\\Desktop\\HRS\\HotelResto--Simulator\\backend\\app\\Controllers\\MainController.php', 59)
 2 SYSTEMPATH\CodeIgniter.php(942): App\Controllers\MainController->save()
 3 SYSTEMPATH\CodeIgniter.php(502): CodeIgniter\CodeIgniter->runController(Object(App\Controllers\MainController))
 4 SYSTEMPATH\CodeIgniter.php(361): CodeIgniter\CodeIgniter->handleRequest(null, Object(Config\Cache), false)
 5 FCPATH\index.php(86): CodeIgniter\CodeIgniter->run()
CRITICAL - 2023-11-19 15:11:15 --> Undefined property: stdClass::$roomImg
in APPPATH\Controllers\MainController.php on line 59.
 1 APPPATH\Controllers\MainController.php(59): CodeIgniter\Debug\Exceptions->errorHandler(2, 'Undefined property: stdClass::$roomImg', 'C:\\Users\\ASUS\\Desktop\\HRS\\HotelResto--Simulator\\backend\\app\\Controllers\\MainController.php', 59)
 2 SYSTEMPATH\CodeIgniter.php(942): App\Controllers\MainController->save()
 3 SYSTEMPATH\CodeIgniter.php(502): CodeIgniter\CodeIgniter->runController(Object(App\Controllers\MainController))
 4 SYSTEMPATH\CodeIgniter.php(361): CodeIgniter\CodeIgniter->handleRequest(null, Object(Config\Cache), false)
 5 FCPATH\index.php(86): CodeIgniter\CodeIgniter->run()
CRITICAL - 2023-11-19 15:15:52 --> Undefined property: stdClass::$roomImg
in APPPATH\Controllers\MainController.php on line 59.
 1 APPPATH\Controllers\MainController.php(59): CodeIgniter\Debug\Exceptions->errorHandler(2, 'Undefined property: stdClass::$roomImg', 'C:\\Users\\ASUS\\Desktop\\HRS\\HotelResto--Simulator\\backend\\app\\Controllers\\MainController.php', 59)
 2 SYSTEMPATH\CodeIgniter.php(942): App\Controllers\MainController->save()
 3 SYSTEMPATH\CodeIgniter.php(502): CodeIgniter\CodeIgniter->runController(Object(App\Controllers\MainController))
 4 SYSTEMPATH\CodeIgniter.php(361): CodeIgniter\CodeIgniter->handleRequest(null, Object(Config\Cache), false)
 5 FCPATH\index.php(86): CodeIgniter\CodeIgniter->run()
CRITICAL - 2023-11-19 15:16:51 --> Undefined property: stdClass::$roomImg
in APPPATH\Controllers\MainController.php on line 59.
 1 APPPATH\Controllers\MainController.php(59): CodeIgniter\Debug\Exceptions->errorHandler(2, 'Undefined property: stdClass::$roomImg', 'C:\\Users\\ASUS\\Desktop\\HRS\\HotelResto--Simulator\\backend\\app\\Controllers\\MainController.php', 59)
 2 SYSTEMPATH\CodeIgniter.php(942): App\Controllers\MainController->save()
 3 SYSTEMPATH\CodeIgniter.php(502): CodeIgniter\CodeIgniter->runController(Object(App\Controllers\MainController))
 4 SYSTEMPATH\CodeIgniter.php(361): CodeIgniter\CodeIgniter->handleRequest(null, Object(Config\Cache), false)
 5 FCPATH\index.php(86): CodeIgniter\CodeIgniter->run()
CRITICAL - 2023-11-19 15:16:56 --> Undefined property: stdClass::$roomImg
in APPPATH\Controllers\MainController.php on line 59.
 1 APPPATH\Controllers\MainController.php(59): CodeIgniter\Debug\Exceptions->errorHandler(2, 'Undefined property: stdClass::$roomImg', 'C:\\Users\\ASUS\\Desktop\\HRS\\HotelResto--Simulator\\backend\\app\\Controllers\\MainController.php', 59)
 2 SYSTEMPATH\CodeIgniter.php(942): App\Controllers\MainController->save()
 3 SYSTEMPATH\CodeIgniter.php(502): CodeIgniter\CodeIgniter->runController(Object(App\Controllers\MainController))
 4 SYSTEMPATH\CodeIgniter.php(361): CodeIgniter\CodeIgniter->handleRequest(null, Object(Config\Cache), false)
 5 FCPATH\index.php(86): CodeIgniter\CodeIgniter->run()
CRITICAL - 2023-11-19 15:17:02 --> Undefined property: stdClass::$roomImg
in APPPATH\Controllers\MainController.php on line 59.
 1 APPPATH\Controllers\MainController.php(59): CodeIgniter\Debug\Exceptions->errorHandler(2, 'Undefined property: stdClass::$roomImg', 'C:\\Users\\ASUS\\Desktop\\HRS\\HotelResto--Simulator\\backend\\app\\Controllers\\MainController.php', 59)
 2 SYSTEMPATH\CodeIgniter.php(942): App\Controllers\MainController->save()
 3 SYSTEMPATH\CodeIgniter.php(502): CodeIgniter\CodeIgniter->runController(Object(App\Controllers\MainController))
 4 SYSTEMPATH\CodeIgniter.php(361): CodeIgniter\CodeIgniter->handleRequest(null, Object(Config\Cache), false)
 5 FCPATH\index.php(86): CodeIgniter\CodeIgniter->run()
CRITICAL - 2023-11-19 15:17:06 --> Undefined property: stdClass::$roomImg
in APPPATH\Controllers\MainController.php on line 59.
 1 APPPATH\Controllers\MainController.php(59): CodeIgniter\Debug\Exceptions->errorHandler(2, 'Undefined property: stdClass::$roomImg', 'C:\\Users\\ASUS\\Desktop\\HRS\\HotelResto--Simulator\\backend\\app\\Controllers\\MainController.php', 59)
 2 SYSTEMPATH\CodeIgniter.php(942): App\Controllers\MainController->save()
 3 SYSTEMPATH\CodeIgniter.php(502): CodeIgniter\CodeIgniter->runController(Object(App\Controllers\MainController))
 4 SYSTEMPATH\CodeIgniter.php(361): CodeIgniter\CodeIgniter->handleRequest(null, Object(Config\Cache), false)
 5 FCPATH\index.php(86): CodeIgniter\CodeIgniter->run()
CRITICAL - 2023-11-19 15:17:36 --> Undefined property: stdClass::$roomImg
in APPPATH\Controllers\MainController.php on line 59.
 1 APPPATH\Controllers\MainController.php(59): CodeIgniter\Debug\Exceptions->errorHandler(2, 'Undefined property: stdClass::$roomImg', 'C:\\Users\\ASUS\\Desktop\\HRS\\HotelResto--Simulator\\backend\\app\\Controllers\\MainController.php', 59)
 2 SYSTEMPATH\CodeIgniter.php(942): App\Controllers\MainController->save()
 3 SYSTEMPATH\CodeIgniter.php(502): CodeIgniter\CodeIgniter->runController(Object(App\Controllers\MainController))
 4 SYSTEMPATH\CodeIgniter.php(361): CodeIgniter\CodeIgniter->handleRequest(null, Object(Config\Cache), false)
 5 FCPATH\index.php(86): CodeIgniter\CodeIgniter->run()
CRITICAL - 2023-11-19 15:17:40 --> Undefined property: stdClass::$roomImg
in APPPATH\Controllers\MainController.php on line 59.
 1 APPPATH\Controllers\MainController.php(59): CodeIgniter\Debug\Exceptions->errorHandler(2, 'Undefined property: stdClass::$roomImg', 'C:\\Users\\ASUS\\Desktop\\HRS\\HotelResto--Simulator\\backend\\app\\Controllers\\MainController.php', 59)
 2 SYSTEMPATH\CodeIgniter.php(942): App\Controllers\MainController->save()
 3 SYSTEMPATH\CodeIgniter.php(502): CodeIgniter\CodeIgniter->runController(Object(App\Controllers\MainController))
 4 SYSTEMPATH\CodeIgniter.php(361): CodeIgniter\CodeIgniter->handleRequest(null, Object(Config\Cache), false)
 5 FCPATH\index.php(86): CodeIgniter\CodeIgniter->run()
CRITICAL - 2023-11-19 15:17:40 --> Undefined property: stdClass::$roomImg
in APPPATH\Controllers\MainController.php on line 59.
 1 APPPATH\Controllers\MainController.php(59): CodeIgniter\Debug\Exceptions->errorHandler(2, 'Undefined property: stdClass::$roomImg', 'C:\\Users\\ASUS\\Desktop\\HRS\\HotelResto--Simulator\\backend\\app\\Controllers\\MainController.php', 59)
 2 SYSTEMPATH\CodeIgniter.php(942): App\Controllers\MainController->save()
 3 SYSTEMPATH\CodeIgniter.php(502): CodeIgniter\CodeIgniter->runController(Object(App\Controllers\MainController))
 4 SYSTEMPATH\CodeIgniter.php(361): CodeIgniter\CodeIgniter->handleRequest(null, Object(Config\Cache), false)
 5 FCPATH\index.php(86): CodeIgniter\CodeIgniter->run()
CRITICAL - 2023-11-19 15:17:40 --> Undefined property: stdClass::$roomImg
in APPPATH\Controllers\MainController.php on line 59.
 1 APPPATH\Controllers\MainController.php(59): CodeIgniter\Debug\Exceptions->errorHandler(2, 'Undefined property: stdClass::$roomImg', 'C:\\Users\\ASUS\\Desktop\\HRS\\HotelResto--Simulator\\backend\\app\\Controllers\\MainController.php', 59)
 2 SYSTEMPATH\CodeIgniter.php(942): App\Controllers\MainController->save()
 3 SYSTEMPATH\CodeIgniter.php(502): CodeIgniter\CodeIgniter->runController(Object(App\Controllers\MainController))
 4 SYSTEMPATH\CodeIgniter.php(361): CodeIgniter\CodeIgniter->handleRequest(null, Object(Config\Cache), false)
 5 FCPATH\index.php(86): CodeIgniter\CodeIgniter->run()
CRITICAL - 2023-11-19 15:17:40 --> Undefined property: stdClass::$roomImg
in APPPATH\Controllers\MainController.php on line 59.
 1 APPPATH\Controllers\MainController.php(59): CodeIgniter\Debug\Exceptions->errorHandler(2, 'Undefined property: stdClass::$roomImg', 'C:\\Users\\ASUS\\Desktop\\HRS\\HotelResto--Simulator\\backend\\app\\Controllers\\MainController.php', 59)
 2 SYSTEMPATH\CodeIgniter.php(942): App\Controllers\MainController->save()
 3 SYSTEMPATH\CodeIgniter.php(502): CodeIgniter\CodeIgniter->runController(Object(App\Controllers\MainController))
 4 SYSTEMPATH\CodeIgniter.php(361): CodeIgniter\CodeIgniter->handleRequest(null, Object(Config\Cache), false)
 5 FCPATH\index.php(86): CodeIgniter\CodeIgniter->run()
CRITICAL - 2023-11-19 15:17:40 --> Undefined property: stdClass::$roomImg
in APPPATH\Controllers\MainController.php on line 59.
 1 APPPATH\Controllers\MainController.php(59): CodeIgniter\Debug\Exceptions->errorHandler(2, 'Undefined property: stdClass::$roomImg', 'C:\\Users\\ASUS\\Desktop\\HRS\\HotelResto--Simulator\\backend\\app\\Controllers\\MainController.php', 59)
 2 SYSTEMPATH\CodeIgniter.php(942): App\Controllers\MainController->save()
 3 SYSTEMPATH\CodeIgniter.php(502): CodeIgniter\CodeIgniter->runController(Object(App\Controllers\MainController))
 4 SYSTEMPATH\CodeIgniter.php(361): CodeIgniter\CodeIgniter->handleRequest(null, Object(Config\Cache), false)
 5 FCPATH\index.php(86): CodeIgniter\CodeIgniter->run()
CRITICAL - 2023-11-19 15:17:41 --> Undefined property: stdClass::$roomImg
in APPPATH\Controllers\MainController.php on line 59.
 1 APPPATH\Controllers\MainController.php(59): CodeIgniter\Debug\Exceptions->errorHandler(2, 'Undefined property: stdClass::$roomImg', 'C:\\Users\\ASUS\\Desktop\\HRS\\HotelResto--Simulator\\backend\\app\\Controllers\\MainController.php', 59)
 2 SYSTEMPATH\CodeIgniter.php(942): App\Controllers\MainController->save()
 3 SYSTEMPATH\CodeIgniter.php(502): CodeIgniter\CodeIgniter->runController(Object(App\Controllers\MainController))
 4 SYSTEMPATH\CodeIgniter.php(361): CodeIgniter\CodeIgniter->handleRequest(null, Object(Config\Cache), false)
 5 FCPATH\index.php(86): CodeIgniter\CodeIgniter->run()
CRITICAL - 2023-11-19 15:18:18 --> Undefined property: stdClass::$roomImg
in APPPATH\Controllers\MainController.php on line 59.
 1 APPPATH\Controllers\MainController.php(59): CodeIgniter\Debug\Exceptions->errorHandler(2, 'Undefined property: stdClass::$roomImg', 'C:\\Users\\ASUS\\Desktop\\HRS\\HotelResto--Simulator\\backend\\app\\Controllers\\MainController.php', 59)
 2 SYSTEMPATH\CodeIgniter.php(942): App\Controllers\MainController->save()
 3 SYSTEMPATH\CodeIgniter.php(502): CodeIgniter\CodeIgniter->runController(Object(App\Controllers\MainController))
 4 SYSTEMPATH\CodeIgniter.php(361): CodeIgniter\CodeIgniter->handleRequest(null, Object(Config\Cache), false)
 5 FCPATH\index.php(86): CodeIgniter\CodeIgniter->run()
CRITICAL - 2023-11-19 15:18:21 --> Undefined property: stdClass::$roomImg
in APPPATH\Controllers\MainController.php on line 59.
 1 APPPATH\Controllers\MainController.php(59): CodeIgniter\Debug\Exceptions->errorHandler(2, 'Undefined property: stdClass::$roomImg', 'C:\\Users\\ASUS\\Desktop\\HRS\\HotelResto--Simulator\\backend\\app\\Controllers\\MainController.php', 59)
 2 SYSTEMPATH\CodeIgniter.php(942): App\Controllers\MainController->save()
 3 SYSTEMPATH\CodeIgniter.php(502): CodeIgniter\CodeIgniter->runController(Object(App\Controllers\MainController))
 4 SYSTEMPATH\CodeIgniter.php(361): CodeIgniter\CodeIgniter->handleRequest(null, Object(Config\Cache), false)
 5 FCPATH\index.php(86): CodeIgniter\CodeIgniter->run()
CRITICAL - 2023-11-19 15:18:21 --> Undefined property: stdClass::$roomImg
in APPPATH\Controllers\MainController.php on line 59.
 1 APPPATH\Controllers\MainController.php(59): CodeIgniter\Debug\Exceptions->errorHandler(2, 'Undefined property: stdClass::$roomImg', 'C:\\Users\\ASUS\\Desktop\\HRS\\HotelResto--Simulator\\backend\\app\\Controllers\\MainController.php', 59)
 2 SYSTEMPATH\CodeIgniter.php(942): App\Controllers\MainController->save()
 3 SYSTEMPATH\CodeIgniter.php(502): CodeIgniter\CodeIgniter->runController(Object(App\Controllers\MainController))
 4 SYSTEMPATH\CodeIgniter.php(361): CodeIgniter\CodeIgniter->handleRequest(null, Object(Config\Cache), false)
 5 FCPATH\index.php(86): CodeIgniter\CodeIgniter->run()
CRITICAL - 2023-11-19 15:18:22 --> Undefined property: stdClass::$roomImg
in APPPATH\Controllers\MainController.php on line 59.
 1 APPPATH\Controllers\MainController.php(59): CodeIgniter\Debug\Exceptions->errorHandler(2, 'Undefined property: stdClass::$roomImg', 'C:\\Users\\ASUS\\Desktop\\HRS\\HotelResto--Simulator\\backend\\app\\Controllers\\MainController.php', 59)
 2 SYSTEMPATH\CodeIgniter.php(942): App\Controllers\MainController->save()
 3 SYSTEMPATH\CodeIgniter.php(502): CodeIgniter\CodeIgniter->runController(Object(App\Controllers\MainController))
 4 SYSTEMPATH\CodeIgniter.php(361): CodeIgniter\CodeIgniter->handleRequest(null, Object(Config\Cache), false)
 5 FCPATH\index.php(86): CodeIgniter\CodeIgniter->run()
CRITICAL - 2023-11-19 15:18:22 --> Undefined property: stdClass::$roomImg
in APPPATH\Controllers\MainController.php on line 59.
 1 APPPATH\Controllers\MainController.php(59): CodeIgniter\Debug\Exceptions->errorHandler(2, 'Undefined property: stdClass::$roomImg', 'C:\\Users\\ASUS\\Desktop\\HRS\\HotelResto--Simulator\\backend\\app\\Controllers\\MainController.php', 59)
 2 SYSTEMPATH\CodeIgniter.php(942): App\Controllers\MainController->save()
 3 SYSTEMPATH\CodeIgniter.php(502): CodeIgniter\CodeIgniter->runController(Object(App\Controllers\MainController))
 4 SYSTEMPATH\CodeIgniter.php(361): CodeIgniter\CodeIgniter->handleRequest(null, Object(Config\Cache), false)
 5 FCPATH\index.php(86): CodeIgniter\CodeIgniter->run()
CRITICAL - 2023-11-19 15:18:22 --> Undefined property: stdClass::$roomImg
in APPPATH\Controllers\MainController.php on line 59.
 1 APPPATH\Controllers\MainController.php(59): CodeIgniter\Debug\Exceptions->errorHandler(2, 'Undefined property: stdClass::$roomImg', 'C:\\Users\\ASUS\\Desktop\\HRS\\HotelResto--Simulator\\backend\\app\\Controllers\\MainController.php', 59)
 2 SYSTEMPATH\CodeIgniter.php(942): App\Controllers\MainController->save()
 3 SYSTEMPATH\CodeIgniter.php(502): CodeIgniter\CodeIgniter->runController(Object(App\Controllers\MainController))
 4 SYSTEMPATH\CodeIgniter.php(361): CodeIgniter\CodeIgniter->handleRequest(null, Object(Config\Cache), false)
 5 FCPATH\index.php(86): CodeIgniter\CodeIgniter->run()
CRITICAL - 2023-11-19 15:18:52 --> Undefined property: stdClass::$roomImg
in APPPATH\Controllers\MainController.php on line 59.
 1 APPPATH\Controllers\MainController.php(59): CodeIgniter\Debug\Exceptions->errorHandler(2, 'Undefined property: stdClass::$roomImg', 'C:\\Users\\ASUS\\Desktop\\HRS\\HotelResto--Simulator\\backend\\app\\Controllers\\MainController.php', 59)
 2 SYSTEMPATH\CodeIgniter.php(942): App\Controllers\MainController->save()
 3 SYSTEMPATH\CodeIgniter.php(502): CodeIgniter\CodeIgniter->runController(Object(App\Controllers\MainController))
 4 SYSTEMPATH\CodeIgniter.php(361): CodeIgniter\CodeIgniter->handleRequest(null, Object(Config\Cache), false)
 5 FCPATH\index.php(86): CodeIgniter\CodeIgniter->run()
CRITICAL - 2023-11-19 15:19:42 --> Undefined property: stdClass::$roomImg
in APPPATH\Controllers\MainController.php on line 59.
 1 APPPATH\Controllers\MainController.php(59): CodeIgniter\Debug\Exceptions->errorHandler(2, 'Undefined property: stdClass::$roomImg', 'C:\\Users\\ASUS\\Desktop\\HRS\\HotelResto--Simulator\\backend\\app\\Controllers\\MainController.php', 59)
 2 SYSTEMPATH\CodeIgniter.php(942): App\Controllers\MainController->save()
 3 SYSTEMPATH\CodeIgniter.php(502): CodeIgniter\CodeIgniter->runController(Object(App\Controllers\MainController))
 4 SYSTEMPATH\CodeIgniter.php(361): CodeIgniter\CodeIgniter->handleRequest(null, Object(Config\Cache), false)
 5 FCPATH\index.php(86): CodeIgniter\CodeIgniter->run()
CRITICAL - 2023-11-19 15:21:58 --> Call to a member function isValid() on null
in APPPATH\Controllers\MainController.php on line 108.
 1 SYSTEMPATH\CodeIgniter.php(942): App\Controllers\MainController->doUpload()
 2 SYSTEMPATH\CodeIgniter.php(502): CodeIgniter\CodeIgniter->runController(Object(App\Controllers\MainController))
 3 SYSTEMPATH\CodeIgniter.php(361): CodeIgniter\CodeIgniter->handleRequest(null, Object(Config\Cache), false)
 4 FCPATH\index.php(86): CodeIgniter\CodeIgniter->run()
CRITICAL - 2023-11-19 15:22:14 --> Call to a member function isValid() on null
in APPPATH\Controllers\MainController.php on line 108.
 1 SYSTEMPATH\CodeIgniter.php(942): App\Controllers\MainController->doUpload()
 2 SYSTEMPATH\CodeIgniter.php(502): CodeIgniter\CodeIgniter->runController(Object(App\Controllers\MainController))
 3 SYSTEMPATH\CodeIgniter.php(361): CodeIgniter\CodeIgniter->handleRequest(null, Object(Config\Cache), false)
 4 FCPATH\index.php(86): CodeIgniter\CodeIgniter->run()
CRITICAL - 2023-11-19 15:22:23 --> Call to a member function isValid() on null
in APPPATH\Controllers\MainController.php on line 108.
 1 SYSTEMPATH\CodeIgniter.php(942): App\Controllers\MainController->doUpload()
 2 SYSTEMPATH\CodeIgniter.php(502): CodeIgniter\CodeIgniter->runController(Object(App\Controllers\MainController))
 3 SYSTEMPATH\CodeIgniter.php(361): CodeIgniter\CodeIgniter->handleRequest(null, Object(Config\Cache), false)
 4 FCPATH\index.php(86): CodeIgniter\CodeIgniter->run()
